── Attaching packages ─────────────────────────────────────── tidyverse 1.2.1 ──
✔ ggplot2 3.0.0     ✔ purrr   0.2.5
✔ tibble  1.4.2     ✔ dplyr   0.7.6
✔ tidyr   0.8.1     ✔ stringr 1.3.1
✔ readr   1.1.1     ✔ forcats 0.3.0
── Conflicts ────────────────────────────────────────── tidyverse_conflicts() ──
✖ dplyr::filter() masks stats::filter()
✖ dplyr::lag()    masks stats::lag()
Warning messages:
1: In .doLoadActions(where, attach) :
  trying to execute load actions without 'methods' package
2: replacing previous import by ‘tibble::as_tibble’ when loading ‘broom’ 
3: replacing previous import by ‘tibble::tibble’ when loading ‘broom’ 
Parsed with column specification:
cols(
  X1 = col_integer(),
  V1 = col_character(),
  V2 = col_character()
)
Warning: 820 parsing failures.
row # A tibble: 5 x 5 col     row col   expected  actual     file                expected   <int> <chr> <chr>     <chr>      <chr>               actual 1     2 <NA>  3 columns 8 columns  'collaborators.csv' file 2     3 <NA>  3 columns 8 columns  'collaborators.csv' row 3     6 <NA>  3 columns 4 columns  'collaborators.csv' col 4     7 <NA>  3 columns 4 columns  'collaborators.csv' expected 5     8 <NA>  3 columns 12 columns 'collaborators.csv'
... ................. ... ...................................................... ........ ...................................................... ...... ...................................................... .... ...................................................... ... ...................................................... ... ...................................................... ........ ......................................................
See problems(...) for more details.

Warning messages:
1: Missing column names filled in: 'X1' [1] 
2: In rbind(names(probs), probs_f) :
  number of columns of result is not a multiple of vector length (arg 1)
Parsed with column specification:
cols(
  .default = col_character(),
  X1 = col_integer()
)
See spec(...) for full column specifications.
Warning: 876 parsing failures.
row # A tibble: 5 x 5 col     row col   expected    actual      file        expected   <int> <chr> <chr>       <chr>       <chr>       actual 1     2 <NA>  299 columns 285 columns 'words.csv' file 2     3 <NA>  299 columns 285 columns 'words.csv' row 3     4 <NA>  299 columns 268 columns 'words.csv' col 4     5 <NA>  299 columns 268 columns 'words.csv' expected 5     6 <NA>  299 columns 112 columns 'words.csv'
... ................. ... ................................................. ........ ................................................. ...... ................................................. .... ................................................. ... ................................................. ... ................................................. ........ .................................................
See problems(...) for more details.

Warning messages:
1: Missing column names filled in: 'X1' [1] 
2: In rbind(names(probs), probs_f) :
  number of columns of result is not a multiple of vector length (arg 1)
Parsed with column specification:
cols(
  .default = col_character(),
  X1 = col_integer()
)
See spec(...) for full column specifications.
Warning: 872 parsing failures.
row # A tibble: 5 x 5 col     row col   expected    actual      file           expected   <int> <chr> <chr>       <chr>       <chr>          actual 1     2 <NA>  158 columns 124 columns 'unqWords.csv' file 2     3 <NA>  158 columns 124 columns 'unqWords.csv' row 3     4 <NA>  158 columns 73 columns  'unqWords.csv' col 4     5 <NA>  158 columns 73 columns  'unqWords.csv' expected 5     6 <NA>  158 columns 83 columns  'unqWords.csv'
... ................. ... .................................................... ........ .................................................... ...... .................................................... .... .................................................... ... .................................................... ... .................................................... ........ ....................................................
See problems(...) for more details.

Warning messages:
1: Missing column names filled in: 'X1' [1] 
2: In rbind(names(probs), probs_f) :
  number of columns of result is not a multiple of vector length (arg 1)
