Nov-13 20:00:53.221 [main] DEBUG nextflow.cli.Launcher - $> /bin/nextflow main.nf
Nov-13 20:00:53.346 [main] INFO  nextflow.cli.CmdRun - N E X T F L O W  ~  version 0.30.1
Nov-13 20:00:53.354 [main] INFO  nextflow.cli.CmdRun - Launching `main.nf` [sick_albattani] - revision: e6f3d94a35
Nov-13 20:00:53.424 [main] DEBUG nextflow.Session - Session uuid: aa643441-b212-478c-9958-3e744c930449
Nov-13 20:00:53.424 [main] DEBUG nextflow.Session - Run name: sick_albattani
Nov-13 20:00:53.426 [main] DEBUG nextflow.Session - Executor pool size: 8
Nov-13 20:00:53.441 [main] DEBUG nextflow.cli.CmdRun - 
  Version: 0.30.1 build 4844
  Modified: 11-06-2018 08:29 UTC (04:29 EDT)
  System: Linux 4.4.0-75-generic
  Runtime: Groovy 2.4.15 on Java HotSpot(TM) 64-Bit Server VM 1.8.0_171-b11
  Encoding: UTF-8 (UTF-8)
  Process: 28635@bc02-n01.isis.unc.edu [152.19.196.226]
  CPUs: 8 - Mem: 31.4 GB (30.1 GB) - Swap: 16 GB (16 GB)
Nov-13 20:00:53.501 [main] DEBUG nextflow.Session - Work-dir: /home/joshz/Project3/work [ext2/ext3]
Nov-13 20:00:53.651 [main] DEBUG nextflow.Session - Session start invoked
Nov-13 20:00:53.659 [main] DEBUG nextflow.processor.TaskDispatcher - Dispatcher > start
Nov-13 20:00:53.659 [main] DEBUG nextflow.script.ScriptRunner - > Script parsing
Nov-13 20:00:53.889 [main] DEBUG nextflow.script.ScriptRunner - > Launching execution
Nov-13 20:00:53.907 [main] DEBUG nextflow.Channel - files for syntax: glob; folder: data/p2_abstracts/; pattern: *40.txt; options: null
Nov-13 20:00:54.066 [main] DEBUG nextflow.processor.ProcessFactory - << taskConfig executor: null
Nov-13 20:00:54.066 [main] DEBUG nextflow.processor.ProcessFactory - >> processorType: 'local'
Nov-13 20:00:54.071 [main] DEBUG nextflow.executor.Executor - Initializing executor: local
Nov-13 20:00:54.073 [main] INFO  nextflow.executor.Executor - [warm up] executor > local
Nov-13 20:00:54.077 [main] DEBUG n.processor.LocalPollingMonitor - Creating local task monitor for executor 'local' > cpus=8; memory=31.4 GB; capacity=8; pollInterval=100ms; dumpInterval=5m
Nov-13 20:00:54.081 [main] DEBUG nextflow.processor.TaskDispatcher - Starting monitor: LocalPollingMonitor
Nov-13 20:00:54.081 [main] DEBUG n.processor.TaskPollingMonitor - >>> barrier register (monitor: local)
Nov-13 20:00:54.083 [main] DEBUG nextflow.executor.Executor - Invoke register for executor: local
Nov-13 20:00:54.128 [main] DEBUG nextflow.Session - >>> barrier register (process: process_abstracts)
Nov-13 20:00:54.130 [main] DEBUG nextflow.processor.TaskProcessor - Creating operator > process_abstracts -- maxForks: 8
Nov-13 20:00:54.183 [main] DEBUG nextflow.processor.ProcessFactory - << taskConfig executor: null
Nov-13 20:00:54.183 [main] DEBUG nextflow.processor.ProcessFactory - >> processorType: 'local'
Nov-13 20:00:54.183 [main] DEBUG nextflow.executor.Executor - Initializing executor: local
Nov-13 20:00:54.184 [main] DEBUG nextflow.Session - >>> barrier register (process: analyze_data)
Nov-13 20:00:54.184 [main] DEBUG nextflow.processor.TaskProcessor - Creating operator > analyze_data -- maxForks: 8
Nov-13 20:00:54.187 [main] DEBUG nextflow.script.ScriptRunner - > Await termination 
Nov-13 20:00:54.187 [main] DEBUG nextflow.Session - Session await
Nov-13 20:00:54.428 [Task submitter] DEBUG nextflow.executor.LocalTaskHandler - Launch cmd line: /bin/bash -ue .command.run
Nov-13 20:00:54.434 [Task submitter] INFO  nextflow.Session - [b4/01f6b9] Submitted process > process_abstracts (1)
Nov-13 20:00:54.451 [Task submitter] DEBUG nextflow.executor.LocalTaskHandler - Launch cmd line: /bin/bash -ue .command.run
Nov-13 20:00:54.452 [Task submitter] INFO  nextflow.Session - [1d/18c6cd] Submitted process > process_abstracts (4)
Nov-13 20:00:54.455 [Task submitter] DEBUG nextflow.executor.LocalTaskHandler - Launch cmd line: /bin/bash -ue .command.run
Nov-13 20:00:54.455 [Task submitter] INFO  nextflow.Session - [26/183525] Submitted process > process_abstracts (2)
Nov-13 20:00:54.459 [Task submitter] DEBUG nextflow.executor.LocalTaskHandler - Launch cmd line: /bin/bash -ue .command.run
Nov-13 20:00:54.459 [Task submitter] INFO  nextflow.Session - [1d/b8dbc2] Submitted process > process_abstracts (3)
Nov-13 20:00:54.672 [Task monitor] DEBUG n.processor.TaskPollingMonitor - Task completed > TaskHandler[id: 4; name: process_abstracts (1); status: COMPLETED; exit: 0; error: -; workDir: /home/joshz/Project3/work/b4/01f6b9ab4c1bdc813b74527ce37fd6]
Nov-13 20:00:54.691 [Task monitor] DEBUG n.processor.TaskPollingMonitor - Task completed > TaskHandler[id: 3; name: process_abstracts (4); status: COMPLETED; exit: 0; error: -; workDir: /home/joshz/Project3/work/1d/18c6cdb159d9e959706e26aab6aefe]
Nov-13 20:00:54.697 [Task monitor] DEBUG n.processor.TaskPollingMonitor - Task completed > TaskHandler[id: 1; name: process_abstracts (2); status: COMPLETED; exit: 0; error: -; workDir: /home/joshz/Project3/work/26/183525b777fdd69d38103dbe637056]
Nov-13 20:00:54.702 [Task monitor] DEBUG n.processor.TaskPollingMonitor - Task completed > TaskHandler[id: 2; name: process_abstracts (3); status: COMPLETED; exit: 0; error: -; workDir: /home/joshz/Project3/work/1d/b8dbc2fe0133a6cd3f504072791647]
Nov-13 20:00:54.747 [Actor Thread 8] DEBUG nextflow.Session - <<< barrier arrive (process: process_abstracts)
Nov-13 20:00:54.869 [Actor Thread 1] DEBUG nextflow.sort.BigSort - Sort completed -- entries: 4; slices: 1; internal sort time: 0.012 s; external sort time: 0.002 s; total time: 0.014 s
Nov-13 20:00:54.875 [Actor Thread 1] DEBUG nextflow.file.FileCollector - Saved collect-files list to: /tmp/af57bdd26431720f05743c1a3250b88d.collect-file
Nov-13 20:00:54.882 [Task submitter] DEBUG nextflow.executor.LocalTaskHandler - Launch cmd line: /bin/bash -ue .command.run
Nov-13 20:00:54.882 [Task submitter] INFO  nextflow.Session - [c1/0f2252] Submitted process > analyze_data (1)
Nov-13 20:00:54.883 [Actor Thread 1] DEBUG nextflow.file.FileCollector - Deleting file collector temp dir: /tmp/nxf-627123755003520062
Nov-13 20:00:54.901 [Task monitor] DEBUG n.processor.TaskPollingMonitor - Task completed > TaskHandler[id: 5; name: analyze_data (1); status: COMPLETED; exit: 0; error: -; workDir: /home/joshz/Project3/work/c1/0f2252157c9680ac53bb91f693c3dd]
Nov-13 20:00:54.903 [Actor Thread 2] DEBUG nextflow.Session - <<< barrier arrive (process: analyze_data)
Nov-13 20:00:54.903 [main] DEBUG nextflow.Session - Session await > all process finished
Nov-13 20:00:54.999 [Task monitor] DEBUG n.processor.TaskPollingMonitor - <<< barrier arrives (monitor: local)
Nov-13 20:00:54.999 [main] DEBUG nextflow.Session - Session await > all barriers passed
Nov-13 20:00:55.005 [main] DEBUG nextflow.trace.StatsObserver - Workflow completed > WorkflowStats[succeedCount=5; failedCount=0; ignoredCount=0; cachedCount=0; succeedDuration=641ms; failedDuration=0ms; cachedDuration=0ms]
Nov-13 20:00:55.009 [main] DEBUG nextflow.CacheDB - Closing CacheDB done
Nov-13 20:00:55.026 [main] DEBUG nextflow.script.ScriptRunner - > Execution complete -- Goodbye
